<?xml version="1.0" encoding="UTF-8"?>
<!-- Generated by org.testng.reporters.JUnitReportReporter -->
<testsuite hostname="DESKTOP-FGVV9N0" name="com.restassured.ShomirPostResponse" tests="2" failures="0" timestamp="9 Aug 2020 21:55:04 GMT" time="3.956" errors="0">
  <testcase name="test01" time="3.594" classname="com.restassured.ShomirPostResponse"/>
  <testcase name="test02" time="0.362" classname="com.restassured.ShomirPostResponse"/>
</testsuite> <!-- com.restassured.ShomirPostResponse -->
