<?xml version="1.0" encoding="UTF-8"?>
<!-- Generated by org.testng.reporters.JUnitReportReporter -->
<testsuite hostname="DESKTOP-FGVV9N0" name="com.restassured.GetResponseMultiUser" tests="2" failures="0" timestamp="30 Jul 2020 04:14:11 GMT" time="2.162" errors="0">
  <testcase name="getResponseBDD" time="0.460" classname="com.restassured.GetResponseMultiUser"/>
  <testcase name="getResponse" time="1.702" classname="com.restassured.GetResponseMultiUser"/>
</testsuite> <!-- com.restassured.GetResponseMultiUser -->
