<?xml version="1.0" encoding="UTF-8"?>
<!-- Generated by org.testng.reporters.JUnitReportReporter -->
<testsuite hostname="DESKTOP-FGVV9N0" name="com.restassured.restAssuredDemo" tests="2" failures="0" timestamp="28 Jun 2020 18:25:45 GMT" time="2.238" errors="0">
  <testcase name="Test01" time="1.427" classname="com.restassured.restAssuredDemo"/>
  <testcase name="Test02" time="0.811" classname="com.restassured.restAssuredDemo"/>
</testsuite> <!-- com.restassured.restAssuredDemo -->
