<?xml version="1.0" encoding="UTF-8"?>
<!-- Generated by org.testng.reporters.JUnitReportReporter -->
<testsuite hostname="DESKTOP-FGVV9N0" name="com.testng.DataProviderSameClass" tests="3" failures="0" timestamp="19 Jul 2020 03:13:17 GMT" time="0.007" errors="0">
  <testcase name="test" time="0.006" classname="com.testng.DataProviderSameClass"/>
  <testcase name="test" time="0.001" classname="com.testng.DataProviderSameClass"/>
  <testcase name="test" time="0.000" classname="com.testng.DataProviderSameClass"/>
</testsuite> <!-- com.testng.DataProviderSameClass -->
