<?xml version="1.0" encoding="UTF-8"?>
<!-- Generated by org.testng.reporters.JUnitReportReporter -->
<testsuite hostname="DESKTOP-FGVV9N0" name="com.testng.DataProviderJDBC" tests="10" failures="0" timestamp="19 Jul 2020 04:40:40 GMT" time="0.014" errors="0">
  <testcase name="getData" time="0.001" classname="com.testng.DataProviderJDBC"/>
  <testcase name="getData" time="0.001" classname="com.testng.DataProviderJDBC"/>
  <testcase name="getData" time="0.001" classname="com.testng.DataProviderJDBC"/>
  <testcase name="getData" time="0.001" classname="com.testng.DataProviderJDBC"/>
  <testcase name="getData" time="0.001" classname="com.testng.DataProviderJDBC"/>
  <testcase name="getData" time="0.001" classname="com.testng.DataProviderJDBC"/>
  <testcase name="getData" time="0.001" classname="com.testng.DataProviderJDBC"/>
  <testcase name="getData" time="0.001" classname="com.testng.DataProviderJDBC"/>
  <testcase name="getData" time="0.005" classname="com.testng.DataProviderJDBC"/>
  <testcase name="getData" time="0.001" classname="com.testng.DataProviderJDBC"/>
</testsuite> <!-- com.testng.DataProviderJDBC -->
