<?xml version="1.0" encoding="UTF-8"?>
<!-- Generated by org.testng.reporters.JUnitReportReporter -->
<testsuite hostname="DESKTOP-FGVV9N0" name="com.restassured.restAssuredDemo" tests="2" failures="0" timestamp="15 Jul 2020 22:01:56 GMT" time="1.863" errors="0">
  <testcase name="Test01" time="1.154" classname="com.restassured.restAssuredDemo"/>
  <testcase name="Test02" time="0.709" classname="com.restassured.restAssuredDemo"/>
</testsuite> <!-- com.restassured.restAssuredDemo -->
