<?xml version="1.0" encoding="UTF-8"?>
<!-- Generated by org.testng.reporters.JUnitReportReporter -->
<testsuite hostname="DESKTOP-FGVV9N0" name="com.restassured.PostResponse" tests="1" failures="0" timestamp="30 Jul 2020 04:51:40 GMT" time="1.205" errors="0">
  <testcase name="postResponseMultiUser" time="1.205" classname="com.restassured.PostResponse"/>
</testsuite> <!-- com.restassured.PostResponse -->
