<?xml version="1.0" encoding="UTF-8"?>
<!-- Generated by org.testng.reporters.JUnitReportReporter -->
<testsuite hostname="DESKTOP-FGVV9N0" name="com.restassured.GetResponseSingleUser" tests="2" failures="0" timestamp="30 Jul 2020 04:26:37 GMT" time="2.695" errors="0">
  <testcase name="getSingleUserRespond" time="2.527" classname="com.restassured.GetResponseSingleUser"/>
  <testcase name="getSingleUserRespondBDD" time="0.168" classname="com.restassured.GetResponseSingleUser"/>
</testsuite> <!-- com.restassured.GetResponseSingleUser -->
