<?xml version="1.0" encoding="UTF-8"?>
<!-- Generated by org.testng.reporters.JUnitReportReporter -->
<testsuite hostname="DESKTOP-FGVV9N0" name="com.sarower.restassured.GetResponse" tests="1" failures="0" timestamp="20 Aug 2020 23:31:09 GMT" time="1.192" errors="0">
  <testcase name="test1" time="1.192" classname="com.sarower.restassured.GetResponse"/>
</testsuite> <!-- com.sarower.restassured.GetResponse -->
